2016-11-29 23:35:27,468 [myid:] - INFO  [main:QuorumPeerConfig@124] - Reading configuration from: /home/rodrigo/Documentos/UFABC/2016 - 3º quad/Sistemas Distribuídos/Auction/zookeeper-3.4.9/bin/../conf/zoo.cfg
2016-11-29 23:35:27,489 [myid:] - WARN  [main:QuorumPeer$QuorumServer@155] - Failed to resolve address: nsdb3
java.net.UnknownHostException: nsdb3: Nome ou serviço desconhecido
	at java.net.Inet6AddressImpl.lookupAllHostAddr(Native Method)
	at java.net.InetAddress$2.lookupAllHostAddr(InetAddress.java:928)
	at java.net.InetAddress.getAddressesFromNameService(InetAddress.java:1323)
	at java.net.InetAddress.getAllByName0(InetAddress.java:1276)
	at java.net.InetAddress.getAllByName(InetAddress.java:1192)
	at java.net.InetAddress.getAllByName(InetAddress.java:1126)
	at java.net.InetAddress.getByName(InetAddress.java:1076)
	at org.apache.zookeeper.server.quorum.QuorumPeer$QuorumServer.recreateSocketAddresses(QuorumPeer.java:148)
	at org.apache.zookeeper.server.quorum.QuorumPeer$QuorumServer.<init>(QuorumPeer.java:133)
	at org.apache.zookeeper.server.quorum.QuorumPeerConfig.parseProperties(QuorumPeerConfig.java:228)
	at org.apache.zookeeper.server.quorum.QuorumPeerConfig.parse(QuorumPeerConfig.java:140)
	at org.apache.zookeeper.server.quorum.QuorumPeerMain.initializeAndRun(QuorumPeerMain.java:101)
	at org.apache.zookeeper.server.quorum.QuorumPeerMain.main(QuorumPeerMain.java:78)
2016-11-29 23:35:27,502 [myid:] - WARN  [main:QuorumPeer$QuorumServer@155] - Failed to resolve address: nsdb2
java.net.UnknownHostException: nsdb2: Nome ou serviço desconhecido
	at java.net.Inet6AddressImpl.lookupAllHostAddr(Native Method)
	at java.net.InetAddress$2.lookupAllHostAddr(InetAddress.java:928)
	at java.net.InetAddress.getAddressesFromNameService(InetAddress.java:1323)
	at java.net.InetAddress.getAllByName0(InetAddress.java:1276)
	at java.net.InetAddress.getAllByName(InetAddress.java:1192)
	at java.net.InetAddress.getAllByName(InetAddress.java:1126)
	at java.net.InetAddress.getByName(InetAddress.java:1076)
	at org.apache.zookeeper.server.quorum.QuorumPeer$QuorumServer.recreateSocketAddresses(QuorumPeer.java:148)
	at org.apache.zookeeper.server.quorum.QuorumPeer$QuorumServer.<init>(QuorumPeer.java:133)
	at org.apache.zookeeper.server.quorum.QuorumPeerConfig.parseProperties(QuorumPeerConfig.java:228)
	at org.apache.zookeeper.server.quorum.QuorumPeerConfig.parse(QuorumPeerConfig.java:140)
	at org.apache.zookeeper.server.quorum.QuorumPeerMain.initializeAndRun(QuorumPeerMain.java:101)
	at org.apache.zookeeper.server.quorum.QuorumPeerMain.main(QuorumPeerMain.java:78)
2016-11-29 23:35:27,514 [myid:] - WARN  [main:QuorumPeer$QuorumServer@155] - Failed to resolve address: nsdb1
java.net.UnknownHostException: nsdb1: Nome ou serviço desconhecido
	at java.net.Inet6AddressImpl.lookupAllHostAddr(Native Method)
	at java.net.InetAddress$2.lookupAllHostAddr(InetAddress.java:928)
	at java.net.InetAddress.getAddressesFromNameService(InetAddress.java:1323)
	at java.net.InetAddress.getAllByName0(InetAddress.java:1276)
	at java.net.InetAddress.getAllByName(InetAddress.java:1192)
	at java.net.InetAddress.getAllByName(InetAddress.java:1126)
	at java.net.InetAddress.getByName(InetAddress.java:1076)
	at org.apache.zookeeper.server.quorum.QuorumPeer$QuorumServer.recreateSocketAddresses(QuorumPeer.java:148)
	at org.apache.zookeeper.server.quorum.QuorumPeer$QuorumServer.<init>(QuorumPeer.java:133)
	at org.apache.zookeeper.server.quorum.QuorumPeerConfig.parseProperties(QuorumPeerConfig.java:228)
	at org.apache.zookeeper.server.quorum.QuorumPeerConfig.parse(QuorumPeerConfig.java:140)
	at org.apache.zookeeper.server.quorum.QuorumPeerMain.initializeAndRun(QuorumPeerMain.java:101)
	at org.apache.zookeeper.server.quorum.QuorumPeerMain.main(QuorumPeerMain.java:78)
2016-11-29 23:35:27,514 [myid:] - INFO  [main:QuorumPeerConfig@352] - Defaulting to majority quorums
2016-11-29 23:35:27,516 [myid:1] - INFO  [main:DatadirCleanupManager@78] - autopurge.snapRetainCount set to 10
2016-11-29 23:35:27,516 [myid:1] - INFO  [main:DatadirCleanupManager@79] - autopurge.purgeInterval set to 12
2016-11-29 23:35:27,517 [myid:1] - INFO  [PurgeTask:DatadirCleanupManager$PurgeTask@138] - Purge task started.
2016-11-29 23:35:27,523 [myid:1] - INFO  [PurgeTask:DatadirCleanupManager$PurgeTask@144] - Purge task completed.
2016-11-29 23:35:27,524 [myid:1] - INFO  [main:QuorumPeerMain@127] - Starting quorum peer
2016-11-29 23:35:27,530 [myid:1] - INFO  [main:NIOServerCnxnFactory@89] - binding to port 0.0.0.0/0.0.0.0:2181
2016-11-29 23:35:27,531 [myid:1] - ERROR [main:QuorumPeerMain@89] - Unexpected exception, exiting abnormally
java.net.BindException: Endereço já em uso
	at sun.nio.ch.Net.bind0(Native Method)
	at sun.nio.ch.Net.bind(Net.java:433)
	at sun.nio.ch.Net.bind(Net.java:425)
	at sun.nio.ch.ServerSocketChannelImpl.bind(ServerSocketChannelImpl.java:223)
	at sun.nio.ch.ServerSocketAdaptor.bind(ServerSocketAdaptor.java:74)
	at sun.nio.ch.ServerSocketAdaptor.bind(ServerSocketAdaptor.java:67)
	at org.apache.zookeeper.server.NIOServerCnxnFactory.configure(NIOServerCnxnFactory.java:90)
	at org.apache.zookeeper.server.quorum.QuorumPeerMain.runFromConfig(QuorumPeerMain.java:130)
	at org.apache.zookeeper.server.quorum.QuorumPeerMain.initializeAndRun(QuorumPeerMain.java:111)
	at org.apache.zookeeper.server.quorum.QuorumPeerMain.main(QuorumPeerMain.java:78)
